[apps.knust.edu.gh/staff/Account/LogOn5e9d.html]
[backblue.gif]
[fade.gif]
[index.html]
[apps.knust.edu.gh/staff/images/KNUST-logo-small2.png]
[apps.knust.edu.gh/staff/css/font-face.css]
[apps.knust.edu.gh/staff/vendor/font-awesome-4.7/css/font-awesome.min.css]
[apps.knust.edu.gh/staff/vendor/font-awesome-5/css/fontawesome-all.min.css]
[apps.knust.edu.gh/staff/vendor/mdi-font/css/material-design-iconic-font.min.css]
[apps.knust.edu.gh/staff/vendor/bootstrap-4.1/bootstrap.min.css]
[apps.knust.edu.gh/staff/vendor/animsition/animsition.min.css]
[apps.knust.edu.gh/staff/vendor/bootstrap-progressbar/bootstrap-progressbar-3.3.4.min.css]
[apps.knust.edu.gh/staff/vendor/wow/animate.css]
[apps.knust.edu.gh/staff/vendor/css-hamburgers/hamburgers.min.css]
[apps.knust.edu.gh/staff/vendor/slick/slick.css]
[apps.knust.edu.gh/staff/vendor/select2/select2.min.css]
[apps.knust.edu.gh/staff/vendor/perfect-scrollbar/perfect-scrollbar.css]
[apps.knust.edu.gh/staff/css/theme.css]
[apps.knust.edu.gh/staff/images/logoef2a.png]
[apps.knust.edu.gh/staff/images/6.jpg]
[apps.knust.edu.gh/staff/vendor/jquery-3.2.1.min.js]
[apps.knust.edu.gh/staff/vendor/bootstrap-4.1/popper.min.js]
[apps.knust.edu.gh/staff/vendor/bootstrap-4.1/bootstrap.min.js]
[apps.knust.edu.gh/staff/vendor/slick/slick.min.js]
[apps.knust.edu.gh/staff/vendor/wow/wow.min.js]
[apps.knust.edu.gh/staff/vendor/animsition/animsition.min.js]
[apps.knust.edu.gh/staff/vendor/bootstrap-progressbar/bootstrap-progressbar.min.js]
[apps.knust.edu.gh/staff/vendor/counter-up/jquery.waypoints.min.js]
[apps.knust.edu.gh/staff/vendor/counter-up/jquery.counterup.min.js]
[apps.knust.edu.gh/staff/vendor/circle-progress/circle-progress.min.js]
[apps.knust.edu.gh/staff/vendor/perfect-scrollbar/perfect-scrollbar.js]
[apps.knust.edu.gh/staff/vendor/chartjs/Chart.bundle.min.js]
[apps.knust.edu.gh/staff/vendor/select2/select2.min.js]
[apps.knust.edu.gh/staff/js/main.js]
[apps.knust.edu.gh/staff/lib/jquery-validation/dist/jquery.validate.min.js]
[apps.knust.edu.gh/staff/Account/LogOn5e9d.html]
[apps.knust.edu.gh/staff/lib/jquery-validation-unobtrusive/jquery.validate.unobtrusive.min.js]
[apps.knust.edu.gh/staff/fonts/poppins/poppins-v5-latin-100.eot]
[apps.knust.edu.gh/staff/fonts/poppins/poppins-v5-latin-100d41d.eot]
[apps.knust.edu.gh/staff/fonts/poppins/poppins-v5-latin-100.woff2]
[apps.knust.edu.gh/staff/fonts/poppins/poppins-v5-latin-100.woff]
[apps.knust.edu.gh/staff/fonts/poppins/poppins-v5-latin-100.ttf]
[apps.knust.edu.gh/staff/fonts/poppins/poppins-v5-latin-200.eot]
[apps.knust.edu.gh/staff/fonts/poppins/poppins-v5-latin-200d41d.eot]
[apps.knust.edu.gh/staff/fonts/poppins/poppins-v5-latin-200.woff2]
[apps.knust.edu.gh/staff/fonts/poppins/poppins-v5-latin-200.woff]
[apps.knust.edu.gh/staff/fonts/poppins/poppins-v5-latin-200.ttf]
[apps.knust.edu.gh/staff/fonts/poppins/poppins-v5-latin-200italic.eot]
[apps.knust.edu.gh/staff/fonts/poppins/poppins-v5-latin-200italicd41d.eot]
[apps.knust.edu.gh/staff/fonts/poppins/poppins-v5-latin-200italic.woff2]
[apps.knust.edu.gh/staff/fonts/poppins/poppins-v5-latin-200italic.woff]
[apps.knust.edu.gh/staff/fonts/poppins/poppins-v5-latin-200italic.ttf]
[apps.knust.edu.gh/staff/fonts/poppins/poppins-v5-latin-100italic.eot]
[apps.knust.edu.gh/staff/fonts/poppins/poppins-v5-latin-100italicd41d.eot]
[apps.knust.edu.gh/staff/fonts/poppins/poppins-v5-latin-100italic.woff2]
[apps.knust.edu.gh/staff/fonts/poppins/poppins-v5-latin-100italic.woff]
[apps.knust.edu.gh/staff/fonts/poppins/poppins-v5-latin-100italic.ttf]
[apps.knust.edu.gh/staff/fonts/poppins/poppins-v5-latin-300.eot]
[apps.knust.edu.gh/staff/fonts/poppins/poppins-v5-latin-300d41d.eot]
[apps.knust.edu.gh/staff/fonts/poppins/poppins-v5-latin-300.woff2]
[apps.knust.edu.gh/staff/fonts/poppins/poppins-v5-latin-300.woff]
[apps.knust.edu.gh/staff/fonts/poppins/poppins-v5-latin-300.ttf]
[apps.knust.edu.gh/staff/fonts/poppins/poppins-v5-latin-300italic.eot]
[apps.knust.edu.gh/staff/fonts/poppins/poppins-v5-latin-300italicd41d.eot]
[apps.knust.edu.gh/staff/fonts/poppins/poppins-v5-latin-300italic.woff2]
[apps.knust.edu.gh/staff/fonts/poppins/poppins-v5-latin-300italic.woff]
[apps.knust.edu.gh/staff/fonts/poppins/poppins-v5-latin-300italic.ttf]
[apps.knust.edu.gh/staff/fonts/poppins/poppins-v5-latin-regular.eot]
[apps.knust.edu.gh/staff/fonts/poppins/poppins-v5-latin-regulard41d.eot]
[apps.knust.edu.gh/staff/fonts/poppins/poppins-v5-latin-regular.woff2]
[apps.knust.edu.gh/staff/fonts/poppins/poppins-v5-latin-regular.woff]
[apps.knust.edu.gh/staff/fonts/poppins/poppins-v5-latin-regular.ttf]
[apps.knust.edu.gh/staff/fonts/poppins/poppins-v5-latin-italic.eot]
[apps.knust.edu.gh/staff/fonts/poppins/poppins-v5-latin-italicd41d.eot]
[apps.knust.edu.gh/staff/fonts/poppins/poppins-v5-latin-italic.woff2]
[apps.knust.edu.gh/staff/fonts/poppins/poppins-v5-latin-italic.woff]
[apps.knust.edu.gh/staff/fonts/poppins/poppins-v5-latin-italic.ttf]
[apps.knust.edu.gh/staff/fonts/poppins/poppins-v5-latin-500.eot]
[apps.knust.edu.gh/staff/fonts/poppins/poppins-v5-latin-500d41d.eot]
[apps.knust.edu.gh/staff/fonts/poppins/poppins-v5-latin-500.woff2]
[apps.knust.edu.gh/staff/fonts/poppins/poppins-v5-latin-500.woff]
[apps.knust.edu.gh/staff/fonts/poppins/poppins-v5-latin-500.ttf]
[apps.knust.edu.gh/staff/fonts/poppins/poppins-v5-latin-500italic.eot]
[apps.knust.edu.gh/staff/fonts/poppins/poppins-v5-latin-500italicd41d.eot]
[apps.knust.edu.gh/staff/fonts/poppins/poppins-v5-latin-500italic.woff2]
[apps.knust.edu.gh/staff/fonts/poppins/poppins-v5-latin-500italic.woff]
[apps.knust.edu.gh/staff/fonts/poppins/poppins-v5-latin-500italic.ttf]
[apps.knust.edu.gh/staff/fonts/poppins/poppins-v5-latin-600.eot]
[apps.knust.edu.gh/staff/fonts/poppins/poppins-v5-latin-600d41d.eot]
[apps.knust.edu.gh/staff/fonts/poppins/poppins-v5-latin-600.woff2]
[apps.knust.edu.gh/staff/fonts/poppins/poppins-v5-latin-600.woff]
[apps.knust.edu.gh/staff/fonts/poppins/poppins-v5-latin-600.ttf]
[apps.knust.edu.gh/staff/fonts/poppins/poppins-v5-latin-600italic.eot]
[apps.knust.edu.gh/staff/fonts/poppins/poppins-v5-latin-600italicd41d.eot]
[apps.knust.edu.gh/staff/fonts/poppins/poppins-v5-latin-600italic.woff2]
[apps.knust.edu.gh/staff/fonts/poppins/poppins-v5-latin-600italic.woff]
[apps.knust.edu.gh/staff/fonts/poppins/poppins-v5-latin-600italic.ttf]
[apps.knust.edu.gh/staff/fonts/poppins/poppins-v5-latin-700.eot]
[apps.knust.edu.gh/staff/fonts/poppins/poppins-v5-latin-700d41d.eot]
[apps.knust.edu.gh/staff/fonts/poppins/poppins-v5-latin-700.woff2]
[apps.knust.edu.gh/staff/fonts/poppins/poppins-v5-latin-700.woff]
[apps.knust.edu.gh/staff/fonts/poppins/poppins-v5-latin-700.ttf]
[apps.knust.edu.gh/staff/fonts/poppins/poppins-v5-latin-700italic.eot]
[apps.knust.edu.gh/staff/fonts/poppins/poppins-v5-latin-700italicd41d.eot]
[apps.knust.edu.gh/staff/fonts/poppins/poppins-v5-latin-700italic.woff2]
[apps.knust.edu.gh/staff/fonts/poppins/poppins-v5-latin-700italic.woff]
[apps.knust.edu.gh/staff/fonts/poppins/poppins-v5-latin-700italic.ttf]
[apps.knust.edu.gh/staff/fonts/poppins/poppins-v5-latin-800.eot]
[apps.knust.edu.gh/staff/fonts/poppins/poppins-v5-latin-800d41d.eot]
[apps.knust.edu.gh/staff/fonts/poppins/poppins-v5-latin-800.woff2]
[apps.knust.edu.gh/staff/fonts/poppins/poppins-v5-latin-800.woff]
[apps.knust.edu.gh/staff/fonts/poppins/poppins-v5-latin-800.ttf]
[apps.knust.edu.gh/staff/fonts/poppins/poppins-v5-latin-800italic.eot]
[apps.knust.edu.gh/staff/fonts/poppins/poppins-v5-latin-800italicd41d.eot]
[apps.knust.edu.gh/staff/fonts/poppins/poppins-v5-latin-800italic.woff2]
[apps.knust.edu.gh/staff/fonts/poppins/poppins-v5-latin-800italic.woff]
[apps.knust.edu.gh/staff/fonts/poppins/poppins-v5-latin-800italic.ttf]
[apps.knust.edu.gh/staff/fonts/poppins/poppins-v5-latin-900.eot]
[apps.knust.edu.gh/staff/fonts/poppins/poppins-v5-latin-900d41d.eot]
[apps.knust.edu.gh/staff/fonts/poppins/poppins-v5-latin-900.woff2]
[apps.knust.edu.gh/staff/fonts/poppins/poppins-v5-latin-900.woff]
[apps.knust.edu.gh/staff/fonts/poppins/poppins-v5-latin-900.ttf]
[apps.knust.edu.gh/staff/fonts/poppins/poppins-v5-latin-900italic.eot]
[apps.knust.edu.gh/staff/fonts/poppins/poppins-v5-latin-900italicd41d.eot]
[apps.knust.edu.gh/staff/fonts/poppins/poppins-v5-latin-900italic.woff2]
[apps.knust.edu.gh/staff/fonts/poppins/poppins-v5-latin-900italic.woff]
[apps.knust.edu.gh/staff/fonts/poppins/poppins-v5-latin-900italic.ttf]
[apps.knust.edu.gh/staff/css/font-face.css]
[apps.knust.edu.gh/staff/vendor/font-awesome-4.7/fonts/fontawesome-webfont3e6e.eot]
[apps.knust.edu.gh/staff/vendor/font-awesome-4.7/fonts/fontawesome-webfontd41d.eot]
[apps.knust.edu.gh/staff/vendor/font-awesome-4.7/fonts/fontawesome-webfont3e6e.woff2]
[apps.knust.edu.gh/staff/vendor/font-awesome-4.7/fonts/fontawesome-webfont3e6e.woff]
[apps.knust.edu.gh/staff/vendor/font-awesome-4.7/fonts/fontawesome-webfont3e6e.ttf]
[apps.knust.edu.gh/staff/vendor/font-awesome-4.7/css/font-awesome.min.css]
[apps.knust.edu.gh/staff/vendor/font-awesome-5/webfonts/fa-brands-400.eot]
[apps.knust.edu.gh/staff/vendor/font-awesome-5/webfonts/fa-brands-400d41d.eot]
[apps.knust.edu.gh/staff/vendor/font-awesome-5/webfonts/fa-brands-400.woff2]
[apps.knust.edu.gh/staff/vendor/font-awesome-5/webfonts/fa-brands-400.woff]
[apps.knust.edu.gh/staff/vendor/font-awesome-5/webfonts/fa-brands-400.ttf]
[apps.knust.edu.gh/staff/vendor/font-awesome-5/webfonts/fa-regular-400.eot]
[apps.knust.edu.gh/staff/vendor/font-awesome-5/webfonts/fa-regular-400d41d.eot]
[apps.knust.edu.gh/staff/vendor/font-awesome-5/webfonts/fa-regular-400.woff2]
[apps.knust.edu.gh/staff/vendor/font-awesome-5/webfonts/fa-regular-400.woff]
[apps.knust.edu.gh/staff/vendor/font-awesome-5/webfonts/fa-regular-400.ttf]
[apps.knust.edu.gh/staff/vendor/font-awesome-5/webfonts/fa-solid-900.eot]
[apps.knust.edu.gh/staff/vendor/font-awesome-5/webfonts/fa-solid-900d41d.eot]
[apps.knust.edu.gh/staff/vendor/font-awesome-5/webfonts/fa-solid-900.woff2]
[apps.knust.edu.gh/staff/vendor/font-awesome-5/webfonts/fa-solid-900.woff]
[apps.knust.edu.gh/staff/vendor/font-awesome-5/webfonts/fa-solid-900.ttf]
[apps.knust.edu.gh/staff/vendor/font-awesome-5/css/fontawesome-all.min.css]
[apps.knust.edu.gh/staff/vendor/mdi-font/fonts/Material-Design-Iconic-Fontd1f1.woff2]
[apps.knust.edu.gh/staff/vendor/mdi-font/fonts/Material-Design-Iconic-Fontd1f1.woff]
[apps.knust.edu.gh/staff/vendor/mdi-font/fonts/Material-Design-Iconic-Fontd1f1.ttf]
[apps.knust.edu.gh/staff/vendor/mdi-font/css/material-design-iconic-font.min.css]
[apps.knust.edu.gh/staff/vendor/bootstrap-4.1/bootstrap.min.css]
[apps.knust.edu.gh/staff/vendor/animsition/animsition.min.css]
[apps.knust.edu.gh/staff/vendor/bootstrap-progressbar/bootstrap-progressbar-3.3.4.min.css]
[apps.knust.edu.gh/staff/vendor/wow/animate.css]
[apps.knust.edu.gh/staff/vendor/css-hamburgers/hamburgers.min.css]
[apps.knust.edu.gh/staff/vendor/slick/slick.css]
[apps.knust.edu.gh/staff/vendor/select2/select2.min.css]
[apps.knust.edu.gh/staff/vendor/perfect-scrollbar/perfect-scrollbar.css]
[apps.knust.edu.gh/staff/css/theme.css]
[apps.knust.edu.gh/staff/fonts/poppins/poppins-v5-latin-100.svg]
[apps.knust.edu.gh/staff/fonts/poppins/poppins-v5-latin-200.svg]
[apps.knust.edu.gh/staff/fonts/poppins/poppins-v5-latin-200italic.svg]
[apps.knust.edu.gh/staff/fonts/poppins/poppins-v5-latin-100italic.svg]
[apps.knust.edu.gh/staff/fonts/poppins/poppins-v5-latin-300.svg]
[apps.knust.edu.gh/staff/fonts/poppins/poppins-v5-latin-300italic.svg]
[apps.knust.edu.gh/staff/fonts/poppins/poppins-v5-latin-regular.svg]
[apps.knust.edu.gh/staff/fonts/poppins/poppins-v5-latin-italic.svg]
[apps.knust.edu.gh/staff/fonts/poppins/poppins-v5-latin-500.svg]
[apps.knust.edu.gh/staff/fonts/poppins/poppins-v5-latin-500italic.svg]
[apps.knust.edu.gh/staff/fonts/poppins/poppins-v5-latin-600.svg]
[apps.knust.edu.gh/staff/fonts/poppins/poppins-v5-latin-600italic.svg]
[apps.knust.edu.gh/staff/fonts/poppins/poppins-v5-latin-700.svg]
[apps.knust.edu.gh/staff/fonts/poppins/poppins-v5-latin-700italic.svg]
[apps.knust.edu.gh/staff/fonts/poppins/poppins-v5-latin-800.svg]
[apps.knust.edu.gh/staff/fonts/poppins/poppins-v5-latin-800italic.svg]
[apps.knust.edu.gh/staff/fonts/poppins/poppins-v5-latin-900.svg]
[apps.knust.edu.gh/staff/fonts/poppins/poppins-v5-latin-900italic.svg]
[apps.knust.edu.gh/staff/vendor/font-awesome-4.7/fonts/fontawesome-webfont3e6e.svg]
[apps.knust.edu.gh/staff/vendor/font-awesome-5/webfonts/fa-brands-400.svg]
[apps.knust.edu.gh/staff/vendor/font-awesome-5/webfonts/fa-regular-400.svg]
[apps.knust.edu.gh/staff/vendor/font-awesome-5/webfonts/fa-solid-900.svg]
